<?xml version="1.0" encoding="UTF-8"?>
<robot generator="Robot 4.1.1 (Python 3.9.7 on darwin)" generated="20230413 19:32:15.292" rpa="false" schemaversion="2">
<suite id="s1" name="Tests" source="/Users/tiagorodrigues/Workspace/API/AutomationPractice/tests">
<suite id="s1-s1" name="TST01-CadastrarUsuario" source="/Users/tiagorodrigues/Workspace/API/AutomationPractice/tests/TST01-CadastrarUsuario.robot">
<kw name="Conectar a minha API" library="Base" type="SETUP">
<kw name="Create Session" library="RequestsLibrary">
<arg>AutomationPractice</arg>
<arg>${URL_API}</arg>
<arg>verify=true</arg>
<doc>Create Session: create a HTTP session to a server</doc>
<msg timestamp="20230413 19:32:15.457" level="INFO">Creating Session using : alias=AutomationPractice, url=https://serverest.dev, headers={},                     cookies={}, auth=None, timeout=None, proxies=None, verify=True,                     debug=0 </msg>
<status status="PASS" starttime="20230413 19:32:15.456" endtime="20230413 19:32:15.457"/>
</kw>
<status status="PASS" starttime="20230413 19:32:15.456" endtime="20230413 19:32:15.457"/>
</kw>
<test id="s1-s1-t1" name="Cenário 01: Cadastrar um novo usuario com sucesso">
<kw name="Criar Sessão na ServerRest" library="Base" type="SETUP">
<kw name="Create Dictionary" library="BuiltIn">
<var>${headers}</var>
<arg>accept=application/json</arg>
<arg>Content-Type=application/json</arg>
<doc>Creates and returns a dictionary based on the given ``items``.</doc>
<msg timestamp="20230413 19:32:15.458" level="INFO">${headers} = {'accept': 'application/json', 'Content-Type': 'application/json'}</msg>
<status status="PASS" starttime="20230413 19:32:15.458" endtime="20230413 19:32:15.458"/>
</kw>
<kw name="Create Session" library="RequestsLibrary">
<arg>alias=ServeRest</arg>
<arg>url=${URL_API}</arg>
<doc>Create Session: create a HTTP session to a server</doc>
<msg timestamp="20230413 19:32:15.458" level="INFO">Creating Session using : alias=ServeRest, url=https://serverest.dev, headers={},                     cookies={}, auth=None, timeout=None, proxies=None, verify=False,                     debug=0 </msg>
<status status="PASS" starttime="20230413 19:32:15.458" endtime="20230413 19:32:15.458"/>
</kw>
<status status="PASS" starttime="20230413 19:32:15.457" endtime="20230413 19:32:15.458"/>
</kw>
<kw name="Dado que eu cadastre um novo usuario" library="PostCadastrarUsuario">
<kw name="Generate Random String" library="String">
<var>${palavra-aleatoria}</var>
<arg>length=4</arg>
<arg>chars=[LETTERS]</arg>
<doc>Generates a string with a desired ``length`` from the given ``chars``.</doc>
<msg timestamp="20230413 19:32:15.459" level="INFO">${palavra-aleatoria} = Jccm</msg>
<status status="PASS" starttime="20230413 19:32:15.459" endtime="20230413 19:32:15.459"/>
</kw>
<kw name="Set Test Variable" library="BuiltIn">
<arg>${EMAIL_TESTE}</arg>
<arg>${palavra-aleatoria}@mail.com</arg>
<doc>Makes a variable available everywhere within the scope of the current test.</doc>
<msg timestamp="20230413 19:32:15.460" level="INFO">${EMAIL_TESTE} = Jccm@mail.com</msg>
<status status="PASS" starttime="20230413 19:32:15.459" endtime="20230413 19:32:15.460"/>
</kw>
<kw name="Log" library="BuiltIn">
<arg>${EMAIL_TESTE}</arg>
<doc>Logs the given message with the given level.</doc>
<msg timestamp="20230413 19:32:15.460" level="INFO">Jccm@mail.com</msg>
<status status="PASS" starttime="20230413 19:32:15.460" endtime="20230413 19:32:15.460"/>
</kw>
<status status="PASS" starttime="20230413 19:32:15.458" endtime="20230413 19:32:15.460"/>
</kw>
<kw name="Quando eu solicitar cadastrar um usuario" library="PostCadastrarUsuario">
<arg>email=${EMAIL_TESTE}</arg>
<arg>status_code_desejado=201</arg>
<kw name="Create Dictionary" library="BuiltIn">
<var>${body}</var>
<arg>nome=${NOME}</arg>
<arg>email=${EMAIL_TESTE}</arg>
<arg>password=123456</arg>
<arg>administrador=true</arg>
<doc>Creates and returns a dictionary based on the given ``items``.</doc>
<msg timestamp="20230413 19:32:15.461" level="INFO">${body} = {'nome': 'Rodrigues Tiago', 'email': 'email=Jccm@mail.com', 'password': '123456', 'administrador': 'true'}</msg>
<status status="PASS" starttime="20230413 19:32:15.460" endtime="20230413 19:32:15.461"/>
</kw>
<kw name="Log" library="BuiltIn">
<arg>${body}</arg>
<doc>Logs the given message with the given level.</doc>
<msg timestamp="20230413 19:32:15.461" level="INFO">{'nome': 'Rodrigues Tiago', 'email': 'email=Jccm@mail.com', 'password': '123456', 'administrador': 'true'}</msg>
<status status="PASS" starttime="20230413 19:32:15.461" endtime="20230413 19:32:15.461"/>
</kw>
<kw name="POST On Session" library="RequestsLibrary">
<var>${resposta}</var>
<arg>alias=ServeRest</arg>
<arg>url=/usuarios</arg>
<arg>json=${body}</arg>
<arg>expected_status=${status_code_desejado}</arg>
<doc>Sends a POST request on a previously created HTTP Session.</doc>
<msg timestamp="20230413 19:32:15.937" level="INFO">POST Request : url=https://serverest.dev/usuarios 
 path_url=/usuarios 
 headers={'User-Agent': 'python-requests/2.28.2', 'Accept-Encoding': 'gzip, deflate', 'Accept': '*/*', 'Connection': 'keep-alive', 'Content-Length': '106', 'Content-Type': 'application/json'} 
 body=b'{"nome": "Rodrigues Tiago", "email": "email=Jccm@mail.com", "password": "123456", "administrador": "true"}' 
 </msg>
<msg timestamp="20230413 19:32:15.938" level="INFO">POST Response : url=https://serverest.dev/usuarios 
 status=201, reason=Created 
 headers={'access-control-allow-origin': '*', 'x-dns-prefetch-control': 'off', 'x-frame-options': 'SAMEORIGIN', 'strict-transport-security': 'max-age=15552000; includeSubDomains', 'x-download-options': 'noopen', 'x-content-type-options': 'nosniff', 'x-xss-protection': '1; mode=block', 'x-moesif-transaction-id': '3ae86c95-8187-4694-b0f0-f390db910f23', 'content-type': 'application/json; charset=utf-8', 'X-Cloud-Trace-Context': '38463a327e63a55bf2afc8f279d53258;o=1', 'Date': 'Thu, 13 Apr 2023 22:32:15 GMT', 'Server': 'Google Frontend', 'Content-Length': '82'} 
 body={
    "message": "Cadastro realizado com sucesso",
    "_id": "sPOrCArNgbxOliuS"
} 
 </msg>
<msg timestamp="20230413 19:32:15.938" level="INFO">/Library/Frameworks/Python.framework/Versions/3.9/lib/python3.9/site-packages/urllib3/connectionpool.py:1013: InsecureRequestWarning: Unverified HTTPS request is being made to host 'serverest.dev'. Adding certificate verification is strongly advised. See: https://urllib3.readthedocs.io/en/1.26.x/advanced-usage.html#ssl-warnings
  warnings.warn(</msg>
<msg timestamp="20230413 19:32:15.939" level="INFO">${resposta} = &lt;Response [201]&gt;</msg>
<status status="PASS" starttime="20230413 19:32:15.461" endtime="20230413 19:32:15.939"/>
</kw>
<kw name="Log" library="BuiltIn">
<arg>${resposta.json()}</arg>
<doc>Logs the given message with the given level.</doc>
<msg timestamp="20230413 19:32:15.941" level="INFO">{'message': 'Cadastro realizado com sucesso', '_id': 'sPOrCArNgbxOliuS'}</msg>
<status status="PASS" starttime="20230413 19:32:15.939" endtime="20230413 19:32:15.941"/>
</kw>
<kw name="Set Test Variable" library="BuiltIn">
<arg>${IDUSUARIO}</arg>
<arg>${resposta.json()["_id"]}</arg>
<doc>Makes a variable available everywhere within the scope of the current test.</doc>
<msg timestamp="20230413 19:32:15.944" level="INFO">${IDUSUARIO} = sPOrCArNgbxOliuS</msg>
<status status="PASS" starttime="20230413 19:32:15.941" endtime="20230413 19:32:15.944"/>
</kw>
<kw name="Set Test Variable" library="BuiltIn">
<arg>${RESPOSTA}</arg>
<arg>${resposta.json()}</arg>
<doc>Makes a variable available everywhere within the scope of the current test.</doc>
<msg timestamp="20230413 19:32:15.945" level="INFO">${RESPOSTA} = {'message': 'Cadastro realizado com sucesso', '_id': 'sPOrCArNgbxOliuS'}</msg>
<status status="PASS" starttime="20230413 19:32:15.944" endtime="20230413 19:32:15.946"/>
</kw>
<kw name="Log" library="BuiltIn">
<arg>${RESPOSTA}</arg>
<doc>Logs the given message with the given level.</doc>
<msg timestamp="20230413 19:32:15.946" level="INFO">{'message': 'Cadastro realizado com sucesso', '_id': 'sPOrCArNgbxOliuS'}</msg>
<status status="PASS" starttime="20230413 19:32:15.946" endtime="20230413 19:32:15.946"/>
</kw>
<kw name="Log" library="BuiltIn">
<arg>${IDUSUARIO}</arg>
<doc>Logs the given message with the given level.</doc>
<msg timestamp="20230413 19:32:15.947" level="INFO">sPOrCArNgbxOliuS</msg>
<status status="PASS" starttime="20230413 19:32:15.946" endtime="20230413 19:32:15.947"/>
</kw>
<status status="PASS" starttime="20230413 19:32:15.460" endtime="20230413 19:32:15.947"/>
</kw>
<kw name="Então o sistema devera cadastrar um novo cenario" library="PostCadastrarUsuario">
<kw name="Dictionary Should Contain Item" library="Collections">
<arg>${RESPOSTA}</arg>
<arg>message</arg>
<arg>Cadastro realizado com sucesso</arg>
<doc>An item of ``key`` / ``value`` must be found in a ``dictionary``.</doc>
<status status="PASS" starttime="20230413 19:32:15.947" endtime="20230413 19:32:15.948"/>
</kw>
<kw name="Status Should Be" library="RequestsLibrary">
<arg>201</arg>
<doc>Fails if response status code is different than the expected.</doc>
<status status="PASS" starttime="20230413 19:32:15.948" endtime="20230413 19:32:15.948"/>
</kw>
<status status="PASS" starttime="20230413 19:32:15.947" endtime="20230413 19:32:15.948"/>
</kw>
<status status="PASS" starttime="20230413 19:32:15.457" endtime="20230413 19:32:15.948"/>
</test>
<status status="PASS" starttime="20230413 19:32:15.311" endtime="20230413 19:32:15.949"/>
</suite>
<suite id="s1-s2" name="TST02-ConsultarUsuario" source="/Users/tiagorodrigues/Workspace/API/AutomationPractice/tests/TST02-ConsultarUsuario.robot">
<kw name="Conectar a minha API" library="Base" type="SETUP">
<kw name="Create Session" library="RequestsLibrary">
<arg>AutomationPractice</arg>
<arg>${URL_API}</arg>
<arg>verify=true</arg>
<doc>Create Session: create a HTTP session to a server</doc>
<msg timestamp="20230413 19:32:15.961" level="INFO">Creating Session using : alias=AutomationPractice, url=https://serverest.dev, headers={},                     cookies={}, auth=None, timeout=None, proxies=None, verify=True,                     debug=0 </msg>
<status status="PASS" starttime="20230413 19:32:15.961" endtime="20230413 19:32:15.961"/>
</kw>
<status status="PASS" starttime="20230413 19:32:15.961" endtime="20230413 19:32:15.962"/>
</kw>
<test id="s1-s2-t1" name="Cenário 02: Consultar Cliente Criado">
<kw name="Criar Sessão na ServerRest" library="Base" type="SETUP">
<kw name="Create Dictionary" library="BuiltIn">
<var>${headers}</var>
<arg>accept=application/json</arg>
<arg>Content-Type=application/json</arg>
<doc>Creates and returns a dictionary based on the given ``items``.</doc>
<msg timestamp="20230413 19:32:15.963" level="INFO">${headers} = {'accept': 'application/json', 'Content-Type': 'application/json'}</msg>
<status status="PASS" starttime="20230413 19:32:15.962" endtime="20230413 19:32:15.963"/>
</kw>
<kw name="Create Session" library="RequestsLibrary">
<arg>alias=ServeRest</arg>
<arg>url=${URL_API}</arg>
<doc>Create Session: create a HTTP session to a server</doc>
<msg timestamp="20230413 19:32:15.963" level="INFO">Creating Session using : alias=ServeRest, url=https://serverest.dev, headers={},                     cookies={}, auth=None, timeout=None, proxies=None, verify=False,                     debug=0 </msg>
<status status="PASS" starttime="20230413 19:32:15.963" endtime="20230413 19:32:15.963"/>
</kw>
<status status="PASS" starttime="20230413 19:32:15.962" endtime="20230413 19:32:15.963"/>
</kw>
<kw name="Dado que eu cadastre um novo usuario" library="PostCadastrarUsuario">
<kw name="Generate Random String" library="String">
<var>${palavra-aleatoria}</var>
<arg>length=4</arg>
<arg>chars=[LETTERS]</arg>
<doc>Generates a string with a desired ``length`` from the given ``chars``.</doc>
<msg timestamp="20230413 19:32:15.964" level="INFO">${palavra-aleatoria} = hnyu</msg>
<status status="PASS" starttime="20230413 19:32:15.964" endtime="20230413 19:32:15.964"/>
</kw>
<kw name="Set Test Variable" library="BuiltIn">
<arg>${EMAIL_TESTE}</arg>
<arg>${palavra-aleatoria}@mail.com</arg>
<doc>Makes a variable available everywhere within the scope of the current test.</doc>
<msg timestamp="20230413 19:32:15.966" level="INFO">${EMAIL_TESTE} = hnyu@mail.com</msg>
<status status="PASS" starttime="20230413 19:32:15.964" endtime="20230413 19:32:15.966"/>
</kw>
<kw name="Log" library="BuiltIn">
<arg>${EMAIL_TESTE}</arg>
<doc>Logs the given message with the given level.</doc>
<msg timestamp="20230413 19:32:15.966" level="INFO">hnyu@mail.com</msg>
<status status="PASS" starttime="20230413 19:32:15.966" endtime="20230413 19:32:15.966"/>
</kw>
<status status="PASS" starttime="20230413 19:32:15.964" endtime="20230413 19:32:15.966"/>
</kw>
<kw name="Quando eu solicitar cadastrar um usuario" library="PostCadastrarUsuario">
<arg>email=${EMAIL_TESTE}</arg>
<arg>status_code_desejado=201</arg>
<kw name="Create Dictionary" library="BuiltIn">
<var>${body}</var>
<arg>nome=${NOME}</arg>
<arg>email=${EMAIL_TESTE}</arg>
<arg>password=123456</arg>
<arg>administrador=true</arg>
<doc>Creates and returns a dictionary based on the given ``items``.</doc>
<msg timestamp="20230413 19:32:15.967" level="INFO">${body} = {'nome': 'Rodrigues Tiago', 'email': 'email=hnyu@mail.com', 'password': '123456', 'administrador': 'true'}</msg>
<status status="PASS" starttime="20230413 19:32:15.967" endtime="20230413 19:32:15.967"/>
</kw>
<kw name="Log" library="BuiltIn">
<arg>${body}</arg>
<doc>Logs the given message with the given level.</doc>
<msg timestamp="20230413 19:32:15.968" level="INFO">{'nome': 'Rodrigues Tiago', 'email': 'email=hnyu@mail.com', 'password': '123456', 'administrador': 'true'}</msg>
<status status="PASS" starttime="20230413 19:32:15.967" endtime="20230413 19:32:15.968"/>
</kw>
<kw name="POST On Session" library="RequestsLibrary">
<var>${resposta}</var>
<arg>alias=ServeRest</arg>
<arg>url=/usuarios</arg>
<arg>json=${body}</arg>
<arg>expected_status=${status_code_desejado}</arg>
<doc>Sends a POST request on a previously created HTTP Session.</doc>
<msg timestamp="20230413 19:32:16.366" level="INFO">POST Request : url=https://serverest.dev/usuarios 
 path_url=/usuarios 
 headers={'User-Agent': 'python-requests/2.28.2', 'Accept-Encoding': 'gzip, deflate', 'Accept': '*/*', 'Connection': 'keep-alive', 'Content-Length': '106', 'Content-Type': 'application/json'} 
 body=b'{"nome": "Rodrigues Tiago", "email": "email=hnyu@mail.com", "password": "123456", "administrador": "true"}' 
 </msg>
<msg timestamp="20230413 19:32:16.366" level="INFO">POST Response : url=https://serverest.dev/usuarios 
 status=201, reason=Created 
 headers={'access-control-allow-origin': '*', 'x-dns-prefetch-control': 'off', 'x-frame-options': 'SAMEORIGIN', 'strict-transport-security': 'max-age=15552000; includeSubDomains', 'x-download-options': 'noopen', 'x-content-type-options': 'nosniff', 'x-xss-protection': '1; mode=block', 'x-moesif-transaction-id': '62a30329-4507-4629-b2f1-f69b7d66d98e', 'content-type': 'application/json; charset=utf-8', 'X-Cloud-Trace-Context': '7ef7bda439e9698b32201eff8238e20c', 'Date': 'Thu, 13 Apr 2023 22:32:16 GMT', 'Server': 'Google Frontend', 'Content-Length': '82'} 
 body={
    "message": "Cadastro realizado com sucesso",
    "_id": "DyBTMNnTH0mEWzZt"
} 
 </msg>
<msg timestamp="20230413 19:32:16.366" level="INFO">/Library/Frameworks/Python.framework/Versions/3.9/lib/python3.9/site-packages/urllib3/connectionpool.py:1013: InsecureRequestWarning: Unverified HTTPS request is being made to host 'serverest.dev'. Adding certificate verification is strongly advised. See: https://urllib3.readthedocs.io/en/1.26.x/advanced-usage.html#ssl-warnings
  warnings.warn(</msg>
<msg timestamp="20230413 19:32:16.367" level="INFO">${resposta} = &lt;Response [201]&gt;</msg>
<status status="PASS" starttime="20230413 19:32:15.968" endtime="20230413 19:32:16.367"/>
</kw>
<kw name="Log" library="BuiltIn">
<arg>${resposta.json()}</arg>
<doc>Logs the given message with the given level.</doc>
<msg timestamp="20230413 19:32:16.369" level="INFO">{'message': 'Cadastro realizado com sucesso', '_id': 'DyBTMNnTH0mEWzZt'}</msg>
<status status="PASS" starttime="20230413 19:32:16.367" endtime="20230413 19:32:16.369"/>
</kw>
<kw name="Set Test Variable" library="BuiltIn">
<arg>${IDUSUARIO}</arg>
<arg>${resposta.json()["_id"]}</arg>
<doc>Makes a variable available everywhere within the scope of the current test.</doc>
<msg timestamp="20230413 19:32:16.372" level="INFO">${IDUSUARIO} = DyBTMNnTH0mEWzZt</msg>
<status status="PASS" starttime="20230413 19:32:16.370" endtime="20230413 19:32:16.372"/>
</kw>
<kw name="Set Test Variable" library="BuiltIn">
<arg>${RESPOSTA}</arg>
<arg>${resposta.json()}</arg>
<doc>Makes a variable available everywhere within the scope of the current test.</doc>
<msg timestamp="20230413 19:32:16.373" level="INFO">${RESPOSTA} = {'message': 'Cadastro realizado com sucesso', '_id': 'DyBTMNnTH0mEWzZt'}</msg>
<status status="PASS" starttime="20230413 19:32:16.372" endtime="20230413 19:32:16.374"/>
</kw>
<kw name="Log" library="BuiltIn">
<arg>${RESPOSTA}</arg>
<doc>Logs the given message with the given level.</doc>
<msg timestamp="20230413 19:32:16.374" level="INFO">{'message': 'Cadastro realizado com sucesso', '_id': 'DyBTMNnTH0mEWzZt'}</msg>
<status status="PASS" starttime="20230413 19:32:16.374" endtime="20230413 19:32:16.374"/>
</kw>
<kw name="Log" library="BuiltIn">
<arg>${IDUSUARIO}</arg>
<doc>Logs the given message with the given level.</doc>
<msg timestamp="20230413 19:32:16.375" level="INFO">DyBTMNnTH0mEWzZt</msg>
<status status="PASS" starttime="20230413 19:32:16.374" endtime="20230413 19:32:16.375"/>
</kw>
<status status="PASS" starttime="20230413 19:32:15.966" endtime="20230413 19:32:16.375"/>
</kw>
<kw name="E eu solicitar pesquisar por um cliente" library="GetCadastrarUsuario">
<arg>${IDUSUARIO}</arg>
<kw name="GET On Session" library="RequestsLibrary">
<var>${resposta_consulta}</var>
<arg>alias=ServeRest</arg>
<arg>url=/usuarios/${IDUSUARIO}</arg>
<arg>expected_status=200</arg>
<doc>Sends a GET request on a previously created HTTP Session.</doc>
<msg timestamp="20230413 19:32:16.600" level="INFO">GET Request : url=https://serverest.dev/usuarios/DyBTMNnTH0mEWzZt 
 path_url=/usuarios/DyBTMNnTH0mEWzZt 
 headers={'User-Agent': 'python-requests/2.28.2', 'Accept-Encoding': 'gzip, deflate', 'Accept': '*/*', 'Connection': 'keep-alive'} 
 body=None 
 </msg>
<msg timestamp="20230413 19:32:16.600" level="INFO">GET Response : url=https://serverest.dev/usuarios/DyBTMNnTH0mEWzZt 
 status=200, reason=OK 
 headers={'access-control-allow-origin': '*', 'x-dns-prefetch-control': 'off', 'x-frame-options': 'SAMEORIGIN', 'strict-transport-security': 'max-age=15552000; includeSubDomains', 'x-download-options': 'noopen', 'x-content-type-options': 'nosniff', 'x-xss-protection': '1; mode=block', 'x-moesif-transaction-id': 'd9c9c4b4-32e2-4908-9b2f-d561135fd779', 'content-type': 'application/json; charset=utf-8', 'X-Cloud-Trace-Context': '56b4737db13b44b41c70312a8342ea4b', 'Date': 'Thu, 13 Apr 2023 22:32:16 GMT', 'Server': 'Google Frontend', 'Content-Length': '155'} 
 body={
    "nome": "Rodrigues Tiago",
    "email": "email=hnyu@mail.com",
    "password": "123456",
    "administrador": "true",
    "_id": "DyBTMNnTH0mEWzZt"
} 
 </msg>
<msg timestamp="20230413 19:32:16.601" level="INFO">/Library/Frameworks/Python.framework/Versions/3.9/lib/python3.9/site-packages/urllib3/connectionpool.py:1013: InsecureRequestWarning: Unverified HTTPS request is being made to host 'serverest.dev'. Adding certificate verification is strongly advised. See: https://urllib3.readthedocs.io/en/1.26.x/advanced-usage.html#ssl-warnings
  warnings.warn(</msg>
<msg timestamp="20230413 19:32:16.601" level="INFO">${resposta_consulta} = &lt;Response [200]&gt;</msg>
<status status="PASS" starttime="20230413 19:32:16.376" endtime="20230413 19:32:16.601"/>
</kw>
<kw name="Set Test Variable" library="BuiltIn">
<arg>${RESP_CONSULTA}</arg>
<arg>${resposta_consulta.json()}</arg>
<doc>Makes a variable available everywhere within the scope of the current test.</doc>
<msg timestamp="20230413 19:32:16.605" level="INFO">${RESP_CONSULTA} = {'nome': 'Rodrigues Tiago', 'email': 'email=hnyu@mail.com', 'password': '123456', 'administrador': 'true', '_id': 'DyBTMNnTH0mEWzZt'}</msg>
<status status="PASS" starttime="20230413 19:32:16.601" endtime="20230413 19:32:16.605"/>
</kw>
<status status="PASS" starttime="20230413 19:32:16.375" endtime="20230413 19:32:16.605"/>
</kw>
<kw name="Entao o sistema deverá retornar o cliente pesquisado" library="GetCadastrarUsuario">
<kw name="Log" library="BuiltIn">
<arg>${RESP_CONSULTA}</arg>
<doc>Logs the given message with the given level.</doc>
<msg timestamp="20230413 19:32:16.607" level="INFO">{'nome': 'Rodrigues Tiago', 'email': 'email=hnyu@mail.com', 'password': '123456', 'administrador': 'true', '_id': 'DyBTMNnTH0mEWzZt'}</msg>
<status status="PASS" starttime="20230413 19:32:16.606" endtime="20230413 19:32:16.607"/>
</kw>
<kw name="Dictionary Should Contain Item" library="Collections">
<arg>${RESP_CONSULTA}</arg>
<arg>nome</arg>
<arg>${NOME}</arg>
<doc>An item of ``key`` / ``value`` must be found in a ``dictionary``.</doc>
<status status="PASS" starttime="20230413 19:32:16.607" endtime="20230413 19:32:16.608"/>
</kw>
<kw name="Dictionary Should Contain Item" library="Collections">
<arg>${RESP_CONSULTA}</arg>
<arg>email</arg>
<arg>email=${EMAIL_TESTE}</arg>
<doc>An item of ``key`` / ``value`` must be found in a ``dictionary``.</doc>
<status status="PASS" starttime="20230413 19:32:16.608" endtime="20230413 19:32:16.608"/>
</kw>
<kw name="Dictionary Should Contain Item" library="Collections">
<arg>${RESP_CONSULTA}</arg>
<arg>password</arg>
<arg>${PASSWORD}</arg>
<doc>An item of ``key`` / ``value`` must be found in a ``dictionary``.</doc>
<status status="PASS" starttime="20230413 19:32:16.608" endtime="20230413 19:32:16.609"/>
</kw>
<kw name="Dictionary Should Contain Item" library="Collections">
<arg>${RESP_CONSULTA}</arg>
<arg>administrador</arg>
<arg>true</arg>
<doc>An item of ``key`` / ``value`` must be found in a ``dictionary``.</doc>
<status status="PASS" starttime="20230413 19:32:16.609" endtime="20230413 19:32:16.609"/>
</kw>
<kw name="Dictionary Should Contain Item" library="Collections">
<arg>${RESP_CONSULTA}</arg>
<arg>_id</arg>
<arg>${IDUSUARIO}</arg>
<doc>An item of ``key`` / ``value`` must be found in a ``dictionary``.</doc>
<status status="PASS" starttime="20230413 19:32:16.609" endtime="20230413 19:32:16.609"/>
</kw>
<status status="PASS" starttime="20230413 19:32:16.605" endtime="20230413 19:32:16.610"/>
</kw>
<status status="PASS" starttime="20230413 19:32:15.962" endtime="20230413 19:32:16.610"/>
</test>
<status status="PASS" starttime="20230413 19:32:15.950" endtime="20230413 19:32:16.611"/>
</suite>
<suite id="s1-s3" name="TST03-AtualizarUsuario" source="/Users/tiagorodrigues/Workspace/API/AutomationPractice/tests/TST03-AtualizarUsuario.robot">
<kw name="Conectar a minha API" library="Base" type="SETUP">
<kw name="Create Session" library="RequestsLibrary">
<arg>AutomationPractice</arg>
<arg>${URL_API}</arg>
<arg>verify=true</arg>
<doc>Create Session: create a HTTP session to a server</doc>
<msg timestamp="20230413 19:32:16.625" level="INFO">Creating Session using : alias=AutomationPractice, url=https://serverest.dev, headers={},                     cookies={}, auth=None, timeout=None, proxies=None, verify=True,                     debug=0 </msg>
<status status="PASS" starttime="20230413 19:32:16.625" endtime="20230413 19:32:16.626"/>
</kw>
<status status="PASS" starttime="20230413 19:32:16.625" endtime="20230413 19:32:16.626"/>
</kw>
<test id="s1-s3-t1" name="Cenário 02: Atualizar Cadastro Usuario">
<kw name="Criar Sessão na ServerRest" library="Base" type="SETUP">
<kw name="Create Dictionary" library="BuiltIn">
<var>${headers}</var>
<arg>accept=application/json</arg>
<arg>Content-Type=application/json</arg>
<doc>Creates and returns a dictionary based on the given ``items``.</doc>
<msg timestamp="20230413 19:32:16.627" level="INFO">${headers} = {'accept': 'application/json', 'Content-Type': 'application/json'}</msg>
<status status="PASS" starttime="20230413 19:32:16.627" endtime="20230413 19:32:16.627"/>
</kw>
<kw name="Create Session" library="RequestsLibrary">
<arg>alias=ServeRest</arg>
<arg>url=${URL_API}</arg>
<doc>Create Session: create a HTTP session to a server</doc>
<msg timestamp="20230413 19:32:16.627" level="INFO">Creating Session using : alias=ServeRest, url=https://serverest.dev, headers={},                     cookies={}, auth=None, timeout=None, proxies=None, verify=False,                     debug=0 </msg>
<status status="PASS" starttime="20230413 19:32:16.627" endtime="20230413 19:32:16.628"/>
</kw>
<status status="PASS" starttime="20230413 19:32:16.626" endtime="20230413 19:32:16.628"/>
</kw>
<kw name="Dado que eu cadastre um novo usuario" library="PostCadastrarUsuario">
<kw name="Generate Random String" library="String">
<var>${palavra-aleatoria}</var>
<arg>length=4</arg>
<arg>chars=[LETTERS]</arg>
<doc>Generates a string with a desired ``length`` from the given ``chars``.</doc>
<msg timestamp="20230413 19:32:16.628" level="INFO">${palavra-aleatoria} = eLVY</msg>
<status status="PASS" starttime="20230413 19:32:16.628" endtime="20230413 19:32:16.628"/>
</kw>
<kw name="Set Test Variable" library="BuiltIn">
<arg>${EMAIL_TESTE}</arg>
<arg>${palavra-aleatoria}@mail.com</arg>
<doc>Makes a variable available everywhere within the scope of the current test.</doc>
<msg timestamp="20230413 19:32:16.630" level="INFO">${EMAIL_TESTE} = eLVY@mail.com</msg>
<status status="PASS" starttime="20230413 19:32:16.629" endtime="20230413 19:32:16.630"/>
</kw>
<kw name="Log" library="BuiltIn">
<arg>${EMAIL_TESTE}</arg>
<doc>Logs the given message with the given level.</doc>
<msg timestamp="20230413 19:32:16.630" level="INFO">eLVY@mail.com</msg>
<status status="PASS" starttime="20230413 19:32:16.630" endtime="20230413 19:32:16.630"/>
</kw>
<status status="PASS" starttime="20230413 19:32:16.628" endtime="20230413 19:32:16.630"/>
</kw>
<kw name="Quando eu solicitar cadastrar um usuario" library="PostCadastrarUsuario">
<arg>email=${EMAIL_TESTE}</arg>
<arg>status_code_desejado=201</arg>
<kw name="Create Dictionary" library="BuiltIn">
<var>${body}</var>
<arg>nome=${NOME}</arg>
<arg>email=${EMAIL_TESTE}</arg>
<arg>password=123456</arg>
<arg>administrador=true</arg>
<doc>Creates and returns a dictionary based on the given ``items``.</doc>
<msg timestamp="20230413 19:32:16.631" level="INFO">${body} = {'nome': 'Rodrigues Tiago', 'email': 'email=eLVY@mail.com', 'password': '123456', 'administrador': 'true'}</msg>
<status status="PASS" starttime="20230413 19:32:16.631" endtime="20230413 19:32:16.631"/>
</kw>
<kw name="Log" library="BuiltIn">
<arg>${body}</arg>
<doc>Logs the given message with the given level.</doc>
<msg timestamp="20230413 19:32:16.632" level="INFO">{'nome': 'Rodrigues Tiago', 'email': 'email=eLVY@mail.com', 'password': '123456', 'administrador': 'true'}</msg>
<status status="PASS" starttime="20230413 19:32:16.631" endtime="20230413 19:32:16.632"/>
</kw>
<kw name="POST On Session" library="RequestsLibrary">
<var>${resposta}</var>
<arg>alias=ServeRest</arg>
<arg>url=/usuarios</arg>
<arg>json=${body}</arg>
<arg>expected_status=${status_code_desejado}</arg>
<doc>Sends a POST request on a previously created HTTP Session.</doc>
<msg timestamp="20230413 19:32:17.002" level="INFO">POST Request : url=https://serverest.dev/usuarios 
 path_url=/usuarios 
 headers={'User-Agent': 'python-requests/2.28.2', 'Accept-Encoding': 'gzip, deflate', 'Accept': '*/*', 'Connection': 'keep-alive', 'Content-Length': '106', 'Content-Type': 'application/json'} 
 body=b'{"nome": "Rodrigues Tiago", "email": "email=eLVY@mail.com", "password": "123456", "administrador": "true"}' 
 </msg>
<msg timestamp="20230413 19:32:17.003" level="INFO">POST Response : url=https://serverest.dev/usuarios 
 status=201, reason=Created 
 headers={'access-control-allow-origin': '*', 'x-dns-prefetch-control': 'off', 'x-frame-options': 'SAMEORIGIN', 'strict-transport-security': 'max-age=15552000; includeSubDomains', 'x-download-options': 'noopen', 'x-content-type-options': 'nosniff', 'x-xss-protection': '1; mode=block', 'x-moesif-transaction-id': '77fac598-af79-495f-a60c-54737de44449', 'content-type': 'application/json; charset=utf-8', 'X-Cloud-Trace-Context': '4398288959e8853a73001e1a231f03ba', 'Date': 'Thu, 13 Apr 2023 22:32:16 GMT', 'Server': 'Google Frontend', 'Content-Length': '82'} 
 body={
    "message": "Cadastro realizado com sucesso",
    "_id": "tVc691VkcZlx0IDA"
} 
 </msg>
<msg timestamp="20230413 19:32:17.003" level="INFO">/Library/Frameworks/Python.framework/Versions/3.9/lib/python3.9/site-packages/urllib3/connectionpool.py:1013: InsecureRequestWarning: Unverified HTTPS request is being made to host 'serverest.dev'. Adding certificate verification is strongly advised. See: https://urllib3.readthedocs.io/en/1.26.x/advanced-usage.html#ssl-warnings
  warnings.warn(</msg>
<msg timestamp="20230413 19:32:17.003" level="INFO">${resposta} = &lt;Response [201]&gt;</msg>
<status status="PASS" starttime="20230413 19:32:16.632" endtime="20230413 19:32:17.003"/>
</kw>
<kw name="Log" library="BuiltIn">
<arg>${resposta.json()}</arg>
<doc>Logs the given message with the given level.</doc>
<msg timestamp="20230413 19:32:17.006" level="INFO">{'message': 'Cadastro realizado com sucesso', '_id': 'tVc691VkcZlx0IDA'}</msg>
<status status="PASS" starttime="20230413 19:32:17.004" endtime="20230413 19:32:17.006"/>
</kw>
<kw name="Set Test Variable" library="BuiltIn">
<arg>${IDUSUARIO}</arg>
<arg>${resposta.json()["_id"]}</arg>
<doc>Makes a variable available everywhere within the scope of the current test.</doc>
<msg timestamp="20230413 19:32:17.009" level="INFO">${IDUSUARIO} = tVc691VkcZlx0IDA</msg>
<status status="PASS" starttime="20230413 19:32:17.006" endtime="20230413 19:32:17.010"/>
</kw>
<kw name="Set Test Variable" library="BuiltIn">
<arg>${RESPOSTA}</arg>
<arg>${resposta.json()}</arg>
<doc>Makes a variable available everywhere within the scope of the current test.</doc>
<msg timestamp="20230413 19:32:17.011" level="INFO">${RESPOSTA} = {'message': 'Cadastro realizado com sucesso', '_id': 'tVc691VkcZlx0IDA'}</msg>
<status status="PASS" starttime="20230413 19:32:17.010" endtime="20230413 19:32:17.011"/>
</kw>
<kw name="Log" library="BuiltIn">
<arg>${RESPOSTA}</arg>
<doc>Logs the given message with the given level.</doc>
<msg timestamp="20230413 19:32:17.012" level="INFO">{'message': 'Cadastro realizado com sucesso', '_id': 'tVc691VkcZlx0IDA'}</msg>
<status status="PASS" starttime="20230413 19:32:17.011" endtime="20230413 19:32:17.012"/>
</kw>
<kw name="Log" library="BuiltIn">
<arg>${IDUSUARIO}</arg>
<doc>Logs the given message with the given level.</doc>
<msg timestamp="20230413 19:32:17.012" level="INFO">tVc691VkcZlx0IDA</msg>
<status status="PASS" starttime="20230413 19:32:17.012" endtime="20230413 19:32:17.012"/>
</kw>
<status status="PASS" starttime="20230413 19:32:16.630" endtime="20230413 19:32:17.012"/>
</kw>
<kw name="E eu solicito editar o cadastro" library="PutAtualizarUsuario">
<arg>${IDUSUARIO}</arg>
<arg>email=${EMAIL_TESTE}</arg>
<arg>status_code_desejado=200</arg>
<kw name="Generate Random String" library="String">
<var>${palavra-aleatoria}</var>
<arg>length=4</arg>
<arg>chars=[LETTERS]</arg>
<doc>Generates a string with a desired ``length`` from the given ``chars``.</doc>
<msg timestamp="20230413 19:32:17.014" level="INFO">${palavra-aleatoria} = STXo</msg>
<status status="PASS" starttime="20230413 19:32:17.013" endtime="20230413 19:32:17.014"/>
</kw>
<kw name="Set Test Variable" library="BuiltIn">
<arg>${EMAIL_TESTE}</arg>
<arg>${palavra-aleatoria}@mail.com</arg>
<doc>Makes a variable available everywhere within the scope of the current test.</doc>
<msg timestamp="20230413 19:32:17.014" level="INFO">${EMAIL_TESTE} = STXo@mail.com</msg>
<status status="PASS" starttime="20230413 19:32:17.014" endtime="20230413 19:32:17.014"/>
</kw>
<kw name="Log" library="BuiltIn">
<arg>${EMAIL_TESTE}</arg>
<doc>Logs the given message with the given level.</doc>
<msg timestamp="20230413 19:32:17.015" level="INFO">STXo@mail.com</msg>
<status status="PASS" starttime="20230413 19:32:17.014" endtime="20230413 19:32:17.015"/>
</kw>
<kw name="Create Dictionary" library="BuiltIn">
<var>${body}</var>
<arg>nome=${NOME_ALTERADO}</arg>
<arg>email=email=${EMAIL_TESTE}</arg>
<arg>password=${PASSWORD_ALTERADO}</arg>
<arg>administrador=false</arg>
<doc>Creates and returns a dictionary based on the given ``items``.</doc>
<msg timestamp="20230413 19:32:17.016" level="INFO">${body} = {'nome': 'Tiago Rodrigues', 'email': 'email=STXo@mail.com', 'password': '1234567', 'administrador': 'false'}</msg>
<status status="PASS" starttime="20230413 19:32:17.015" endtime="20230413 19:32:17.016"/>
</kw>
<kw name="Log" library="BuiltIn">
<arg>${body}</arg>
<doc>Logs the given message with the given level.</doc>
<msg timestamp="20230413 19:32:17.016" level="INFO">{'nome': 'Tiago Rodrigues', 'email': 'email=STXo@mail.com', 'password': '1234567', 'administrador': 'false'}</msg>
<status status="PASS" starttime="20230413 19:32:17.016" endtime="20230413 19:32:17.016"/>
</kw>
<kw name="Set Test Variable" library="BuiltIn">
<arg>${body}</arg>
<doc>Makes a variable available everywhere within the scope of the current test.</doc>
<msg timestamp="20230413 19:32:17.017" level="INFO">${body} = {'nome': 'Tiago Rodrigues', 'email': 'email=STXo@mail.com', 'password': '1234567', 'administrador': 'false'}</msg>
<status status="PASS" starttime="20230413 19:32:17.016" endtime="20230413 19:32:17.017"/>
</kw>
<kw name="PUT On Session" library="RequestsLibrary">
<var>${resposta}</var>
<arg>alias=ServeRest</arg>
<arg>url=/usuarios/${IDUSUARIO}</arg>
<arg>json=${body}</arg>
<arg>expected_status=${status_code_desejado}</arg>
<doc>Sends a PUT request on a previously created HTTP Session.</doc>
<msg timestamp="20230413 19:32:17.227" level="INFO">PUT Request : url=https://serverest.dev/usuarios/tVc691VkcZlx0IDA 
 path_url=/usuarios/tVc691VkcZlx0IDA 
 headers={'User-Agent': 'python-requests/2.28.2', 'Accept-Encoding': 'gzip, deflate', 'Accept': '*/*', 'Connection': 'keep-alive', 'Content-Length': '108', 'Content-Type': 'application/json'} 
 body=b'{"nome": "Tiago Rodrigues", "email": "email=STXo@mail.com", "password": "1234567", "administrador": "false"}' 
 </msg>
<msg timestamp="20230413 19:32:17.227" level="INFO">PUT Response : url=https://serverest.dev/usuarios/tVc691VkcZlx0IDA 
 status=200, reason=OK 
 headers={'access-control-allow-origin': '*', 'x-dns-prefetch-control': 'off', 'x-frame-options': 'SAMEORIGIN', 'strict-transport-security': 'max-age=15552000; includeSubDomains', 'x-download-options': 'noopen', 'x-content-type-options': 'nosniff', 'x-xss-protection': '1; mode=block', 'x-moesif-transaction-id': 'a53a2701-e7c5-4146-a187-8012760709a0', 'content-type': 'application/json; charset=utf-8', 'X-Cloud-Trace-Context': '435ccf6bd011bcc203893303d4ec1044', 'Date': 'Thu, 13 Apr 2023 22:32:17 GMT', 'Server': 'Google Frontend', 'Content-Length': '50'} 
 body={
    "message": "Registro alterado com sucesso"
} 
 </msg>
<msg timestamp="20230413 19:32:17.228" level="INFO">/Library/Frameworks/Python.framework/Versions/3.9/lib/python3.9/site-packages/urllib3/connectionpool.py:1013: InsecureRequestWarning: Unverified HTTPS request is being made to host 'serverest.dev'. Adding certificate verification is strongly advised. See: https://urllib3.readthedocs.io/en/1.26.x/advanced-usage.html#ssl-warnings
  warnings.warn(</msg>
<msg timestamp="20230413 19:32:17.228" level="INFO">${resposta} = &lt;Response [200]&gt;</msg>
<status status="PASS" starttime="20230413 19:32:17.017" endtime="20230413 19:32:17.228"/>
</kw>
<status status="PASS" starttime="20230413 19:32:17.012" endtime="20230413 19:32:17.228"/>
</kw>
<kw name="Então o sistema atualiza o cadastro do usuario" library="PutAtualizarUsuario">
<kw name="GET On Session" library="RequestsLibrary">
<var>${resposta_get}</var>
<arg>alias=ServeRest</arg>
<arg>url=/usuarios/${IDUSUARIO}</arg>
<arg>expected_status=200</arg>
<doc>Sends a GET request on a previously created HTTP Session.</doc>
<msg timestamp="20230413 19:32:17.427" level="INFO">GET Request : url=https://serverest.dev/usuarios/tVc691VkcZlx0IDA 
 path_url=/usuarios/tVc691VkcZlx0IDA 
 headers={'User-Agent': 'python-requests/2.28.2', 'Accept-Encoding': 'gzip, deflate', 'Accept': '*/*', 'Connection': 'keep-alive'} 
 body=None 
 </msg>
<msg timestamp="20230413 19:32:17.428" level="INFO">GET Response : url=https://serverest.dev/usuarios/tVc691VkcZlx0IDA 
 status=200, reason=OK 
 headers={'access-control-allow-origin': '*', 'x-dns-prefetch-control': 'off', 'x-frame-options': 'SAMEORIGIN', 'strict-transport-security': 'max-age=15552000; includeSubDomains', 'x-download-options': 'noopen', 'x-content-type-options': 'nosniff', 'x-xss-protection': '1; mode=block', 'x-moesif-transaction-id': '47b71a06-fc8c-45ad-b497-1f03b580fc0c', 'content-type': 'application/json; charset=utf-8', 'X-Cloud-Trace-Context': '9b145ed91f6e9b38b64ba7b8ae02f785', 'Date': 'Thu, 13 Apr 2023 22:32:17 GMT', 'Server': 'Google Frontend', 'Content-Length': '157'} 
 body={
    "nome": "Tiago Rodrigues",
    "email": "email=STXo@mail.com",
    "password": "1234567",
    "administrador": "false",
    "_id": "tVc691VkcZlx0IDA"
} 
 </msg>
<msg timestamp="20230413 19:32:17.428" level="INFO">/Library/Frameworks/Python.framework/Versions/3.9/lib/python3.9/site-packages/urllib3/connectionpool.py:1013: InsecureRequestWarning: Unverified HTTPS request is being made to host 'serverest.dev'. Adding certificate verification is strongly advised. See: https://urllib3.readthedocs.io/en/1.26.x/advanced-usage.html#ssl-warnings
  warnings.warn(</msg>
<msg timestamp="20230413 19:32:17.428" level="INFO">${resposta_get} = &lt;Response [200]&gt;</msg>
<status status="PASS" starttime="20230413 19:32:17.230" endtime="20230413 19:32:17.429"/>
</kw>
<kw name="Set Test Variable" library="BuiltIn">
<arg>${RESP_GET}</arg>
<arg>${resposta_get.json()}</arg>
<doc>Makes a variable available everywhere within the scope of the current test.</doc>
<msg timestamp="20230413 19:32:17.432" level="INFO">${RESP_GET} = {'nome': 'Tiago Rodrigues', 'email': 'email=STXo@mail.com', 'password': '1234567', 'administrador': 'false', '_id': 'tVc691VkcZlx0IDA'}</msg>
<status status="PASS" starttime="20230413 19:32:17.429" endtime="20230413 19:32:17.432"/>
</kw>
<kw name="Log" library="BuiltIn">
<arg>${RESP_GET}</arg>
<doc>Logs the given message with the given level.</doc>
<msg timestamp="20230413 19:32:17.433" level="INFO">{'nome': 'Tiago Rodrigues', 'email': 'email=STXo@mail.com', 'password': '1234567', 'administrador': 'false', '_id': 'tVc691VkcZlx0IDA'}</msg>
<status status="PASS" starttime="20230413 19:32:17.432" endtime="20230413 19:32:17.433"/>
</kw>
<kw name="Dictionary Should Contain Item" library="Collections">
<arg>${RESP_GET}</arg>
<arg>nome</arg>
<arg>${NOME_ALTERADO}</arg>
<doc>An item of ``key`` / ``value`` must be found in a ``dictionary``.</doc>
<status status="PASS" starttime="20230413 19:32:17.433" endtime="20230413 19:32:17.434"/>
</kw>
<kw name="Dictionary Should Contain Item" library="Collections">
<arg>${RESP_GET}</arg>
<arg>email</arg>
<arg>email=${EMAIL_TESTE}</arg>
<doc>An item of ``key`` / ``value`` must be found in a ``dictionary``.</doc>
<status status="PASS" starttime="20230413 19:32:17.434" endtime="20230413 19:32:17.435"/>
</kw>
<kw name="Dictionary Should Contain Item" library="Collections">
<arg>${RESP_GET}</arg>
<arg>password</arg>
<arg>${PASSWORD_ALTERADO}</arg>
<doc>An item of ``key`` / ``value`` must be found in a ``dictionary``.</doc>
<status status="PASS" starttime="20230413 19:32:17.435" endtime="20230413 19:32:17.435"/>
</kw>
<kw name="Dictionary Should Contain Item" library="Collections">
<arg>${RESP_GET}</arg>
<arg>administrador</arg>
<arg>false</arg>
<doc>An item of ``key`` / ``value`` must be found in a ``dictionary``.</doc>
<status status="PASS" starttime="20230413 19:32:17.435" endtime="20230413 19:32:17.436"/>
</kw>
<status status="PASS" starttime="20230413 19:32:17.229" endtime="20230413 19:32:17.436"/>
</kw>
<status status="PASS" starttime="20230413 19:32:16.626" endtime="20230413 19:32:17.436"/>
</test>
<status status="PASS" starttime="20230413 19:32:16.612" endtime="20230413 19:32:17.437"/>
</suite>
<suite id="s1-s4" name="TST04-DeletarUsuario" source="/Users/tiagorodrigues/Workspace/API/AutomationPractice/tests/TST04-DeletarUsuario.robot">
<kw name="Conectar a minha API" library="Base" type="SETUP">
<kw name="Create Session" library="RequestsLibrary">
<arg>AutomationPractice</arg>
<arg>${URL_API}</arg>
<arg>verify=true</arg>
<doc>Create Session: create a HTTP session to a server</doc>
<msg timestamp="20230413 19:32:17.454" level="INFO">Creating Session using : alias=AutomationPractice, url=https://serverest.dev, headers={},                     cookies={}, auth=None, timeout=None, proxies=None, verify=True,                     debug=0 </msg>
<status status="PASS" starttime="20230413 19:32:17.454" endtime="20230413 19:32:17.455"/>
</kw>
<status status="PASS" starttime="20230413 19:32:17.454" endtime="20230413 19:32:17.455"/>
</kw>
<test id="s1-s4-t1" name="Cenário 01: Deletar Cadastro Usuario">
<kw name="Criar Sessão na ServerRest" library="Base" type="SETUP">
<kw name="Create Dictionary" library="BuiltIn">
<var>${headers}</var>
<arg>accept=application/json</arg>
<arg>Content-Type=application/json</arg>
<doc>Creates and returns a dictionary based on the given ``items``.</doc>
<msg timestamp="20230413 19:32:17.456" level="INFO">${headers} = {'accept': 'application/json', 'Content-Type': 'application/json'}</msg>
<status status="PASS" starttime="20230413 19:32:17.456" endtime="20230413 19:32:17.456"/>
</kw>
<kw name="Create Session" library="RequestsLibrary">
<arg>alias=ServeRest</arg>
<arg>url=${URL_API}</arg>
<doc>Create Session: create a HTTP session to a server</doc>
<msg timestamp="20230413 19:32:17.457" level="INFO">Creating Session using : alias=ServeRest, url=https://serverest.dev, headers={},                     cookies={}, auth=None, timeout=None, proxies=None, verify=False,                     debug=0 </msg>
<status status="PASS" starttime="20230413 19:32:17.456" endtime="20230413 19:32:17.457"/>
</kw>
<status status="PASS" starttime="20230413 19:32:17.456" endtime="20230413 19:32:17.457"/>
</kw>
<kw name="Dado que eu cadastre um novo usuario" library="PostCadastrarUsuario">
<kw name="Generate Random String" library="String">
<var>${palavra-aleatoria}</var>
<arg>length=4</arg>
<arg>chars=[LETTERS]</arg>
<doc>Generates a string with a desired ``length`` from the given ``chars``.</doc>
<msg timestamp="20230413 19:32:17.457" level="INFO">${palavra-aleatoria} = xQbh</msg>
<status status="PASS" starttime="20230413 19:32:17.457" endtime="20230413 19:32:17.458"/>
</kw>
<kw name="Set Test Variable" library="BuiltIn">
<arg>${EMAIL_TESTE}</arg>
<arg>${palavra-aleatoria}@mail.com</arg>
<doc>Makes a variable available everywhere within the scope of the current test.</doc>
<msg timestamp="20230413 19:32:17.459" level="INFO">${EMAIL_TESTE} = xQbh@mail.com</msg>
<status status="PASS" starttime="20230413 19:32:17.458" endtime="20230413 19:32:17.459"/>
</kw>
<kw name="Log" library="BuiltIn">
<arg>${EMAIL_TESTE}</arg>
<doc>Logs the given message with the given level.</doc>
<msg timestamp="20230413 19:32:17.459" level="INFO">xQbh@mail.com</msg>
<status status="PASS" starttime="20230413 19:32:17.459" endtime="20230413 19:32:17.459"/>
</kw>
<status status="PASS" starttime="20230413 19:32:17.457" endtime="20230413 19:32:17.459"/>
</kw>
<kw name="Quando eu solicitar cadastrar um usuario" library="PostCadastrarUsuario">
<arg>email=${EMAIL_TESTE}</arg>
<arg>status_code_desejado=201</arg>
<kw name="Create Dictionary" library="BuiltIn">
<var>${body}</var>
<arg>nome=${NOME}</arg>
<arg>email=${EMAIL_TESTE}</arg>
<arg>password=123456</arg>
<arg>administrador=true</arg>
<doc>Creates and returns a dictionary based on the given ``items``.</doc>
<msg timestamp="20230413 19:32:17.460" level="INFO">${body} = {'nome': 'Rodrigues Tiago', 'email': 'email=xQbh@mail.com', 'password': '123456', 'administrador': 'true'}</msg>
<status status="PASS" starttime="20230413 19:32:17.460" endtime="20230413 19:32:17.460"/>
</kw>
<kw name="Log" library="BuiltIn">
<arg>${body}</arg>
<doc>Logs the given message with the given level.</doc>
<msg timestamp="20230413 19:32:17.460" level="INFO">{'nome': 'Rodrigues Tiago', 'email': 'email=xQbh@mail.com', 'password': '123456', 'administrador': 'true'}</msg>
<status status="PASS" starttime="20230413 19:32:17.460" endtime="20230413 19:32:17.460"/>
</kw>
<kw name="POST On Session" library="RequestsLibrary">
<var>${resposta}</var>
<arg>alias=ServeRest</arg>
<arg>url=/usuarios</arg>
<arg>json=${body}</arg>
<arg>expected_status=${status_code_desejado}</arg>
<doc>Sends a POST request on a previously created HTTP Session.</doc>
<msg timestamp="20230413 19:32:17.829" level="INFO">POST Request : url=https://serverest.dev/usuarios 
 path_url=/usuarios 
 headers={'User-Agent': 'python-requests/2.28.2', 'Accept-Encoding': 'gzip, deflate', 'Accept': '*/*', 'Connection': 'keep-alive', 'Content-Length': '106', 'Content-Type': 'application/json'} 
 body=b'{"nome": "Rodrigues Tiago", "email": "email=xQbh@mail.com", "password": "123456", "administrador": "true"}' 
 </msg>
<msg timestamp="20230413 19:32:17.829" level="INFO">POST Response : url=https://serverest.dev/usuarios 
 status=201, reason=Created 
 headers={'access-control-allow-origin': '*', 'x-dns-prefetch-control': 'off', 'x-frame-options': 'SAMEORIGIN', 'strict-transport-security': 'max-age=15552000; includeSubDomains', 'x-download-options': 'noopen', 'x-content-type-options': 'nosniff', 'x-xss-protection': '1; mode=block', 'x-moesif-transaction-id': '1fb25243-dce2-4901-a0fe-c55d2e19a078', 'content-type': 'application/json; charset=utf-8', 'X-Cloud-Trace-Context': 'fac4f80cc0922bcd0e692c54b78bccbc', 'Date': 'Thu, 13 Apr 2023 22:32:17 GMT', 'Server': 'Google Frontend', 'Content-Length': '82'} 
 body={
    "message": "Cadastro realizado com sucesso",
    "_id": "ILpZ4KY0hUUdrMzX"
} 
 </msg>
<msg timestamp="20230413 19:32:17.830" level="INFO">/Library/Frameworks/Python.framework/Versions/3.9/lib/python3.9/site-packages/urllib3/connectionpool.py:1013: InsecureRequestWarning: Unverified HTTPS request is being made to host 'serverest.dev'. Adding certificate verification is strongly advised. See: https://urllib3.readthedocs.io/en/1.26.x/advanced-usage.html#ssl-warnings
  warnings.warn(</msg>
<msg timestamp="20230413 19:32:17.830" level="INFO">${resposta} = &lt;Response [201]&gt;</msg>
<status status="PASS" starttime="20230413 19:32:17.461" endtime="20230413 19:32:17.830"/>
</kw>
<kw name="Log" library="BuiltIn">
<arg>${resposta.json()}</arg>
<doc>Logs the given message with the given level.</doc>
<msg timestamp="20230413 19:32:17.832" level="INFO">{'message': 'Cadastro realizado com sucesso', '_id': 'ILpZ4KY0hUUdrMzX'}</msg>
<status status="PASS" starttime="20230413 19:32:17.831" endtime="20230413 19:32:17.832"/>
</kw>
<kw name="Set Test Variable" library="BuiltIn">
<arg>${IDUSUARIO}</arg>
<arg>${resposta.json()["_id"]}</arg>
<doc>Makes a variable available everywhere within the scope of the current test.</doc>
<msg timestamp="20230413 19:32:17.836" level="INFO">${IDUSUARIO} = ILpZ4KY0hUUdrMzX</msg>
<status status="PASS" starttime="20230413 19:32:17.833" endtime="20230413 19:32:17.836"/>
</kw>
<kw name="Set Test Variable" library="BuiltIn">
<arg>${RESPOSTA}</arg>
<arg>${resposta.json()}</arg>
<doc>Makes a variable available everywhere within the scope of the current test.</doc>
<msg timestamp="20230413 19:32:17.838" level="INFO">${RESPOSTA} = {'message': 'Cadastro realizado com sucesso', '_id': 'ILpZ4KY0hUUdrMzX'}</msg>
<status status="PASS" starttime="20230413 19:32:17.836" endtime="20230413 19:32:17.838"/>
</kw>
<kw name="Log" library="BuiltIn">
<arg>${RESPOSTA}</arg>
<doc>Logs the given message with the given level.</doc>
<msg timestamp="20230413 19:32:17.838" level="INFO">{'message': 'Cadastro realizado com sucesso', '_id': 'ILpZ4KY0hUUdrMzX'}</msg>
<status status="PASS" starttime="20230413 19:32:17.838" endtime="20230413 19:32:17.838"/>
</kw>
<kw name="Log" library="BuiltIn">
<arg>${IDUSUARIO}</arg>
<doc>Logs the given message with the given level.</doc>
<msg timestamp="20230413 19:32:17.839" level="INFO">ILpZ4KY0hUUdrMzX</msg>
<status status="PASS" starttime="20230413 19:32:17.838" endtime="20230413 19:32:17.839"/>
</kw>
<status status="PASS" starttime="20230413 19:32:17.459" endtime="20230413 19:32:17.839"/>
</kw>
<kw name="E eu solicito deletar um usuario" library="DeleteAtualizarUsuario">
<arg>${IDUSUARIO}</arg>
<kw name="DELETE On Session" library="RequestsLibrary">
<var>${resposta_delete}</var>
<arg>alias=ServeRest</arg>
<arg>url=/usuarios/${IDUSUARIO}</arg>
<arg>expected_status=200</arg>
<doc>Sends a DELETE request on a previously created HTTP Session.</doc>
<msg timestamp="20230413 19:32:18.053" level="INFO">DELETE Request : url=https://serverest.dev/usuarios/ILpZ4KY0hUUdrMzX 
 path_url=/usuarios/ILpZ4KY0hUUdrMzX 
 headers={'User-Agent': 'python-requests/2.28.2', 'Accept-Encoding': 'gzip, deflate', 'Accept': '*/*', 'Connection': 'keep-alive', 'Content-Length': '0'} 
 body=None 
 </msg>
<msg timestamp="20230413 19:32:18.053" level="INFO">DELETE Response : url=https://serverest.dev/usuarios/ILpZ4KY0hUUdrMzX 
 status=200, reason=OK 
 headers={'access-control-allow-origin': '*', 'x-dns-prefetch-control': 'off', 'x-frame-options': 'SAMEORIGIN', 'strict-transport-security': 'max-age=15552000; includeSubDomains', 'x-download-options': 'noopen', 'x-content-type-options': 'nosniff', 'x-xss-protection': '1; mode=block', 'x-moesif-transaction-id': 'e32deecb-9438-4c8a-92e6-ba818e088c56', 'content-type': 'application/json; charset=utf-8', 'X-Cloud-Trace-Context': 'b53e6c00a96279a9f01da9a98edde7a5', 'Date': 'Thu, 13 Apr 2023 22:32:17 GMT', 'Server': 'Google Frontend', 'Content-Length': '51'} 
 body={
    "message": "Registro excluído com sucesso"
} 
 </msg>
<msg timestamp="20230413 19:32:18.054" level="INFO">/Library/Frameworks/Python.framework/Versions/3.9/lib/python3.9/site-packages/urllib3/connectionpool.py:1013: InsecureRequestWarning: Unverified HTTPS request is being made to host 'serverest.dev'. Adding certificate verification is strongly advised. See: https://urllib3.readthedocs.io/en/1.26.x/advanced-usage.html#ssl-warnings
  warnings.warn(</msg>
<msg timestamp="20230413 19:32:18.054" level="INFO">${resposta_delete} = &lt;Response [200]&gt;</msg>
<status status="PASS" starttime="20230413 19:32:17.840" endtime="20230413 19:32:18.054"/>
</kw>
<kw name="Set Test Variable" library="BuiltIn">
<arg>${RESP_DELETE}</arg>
<arg>${resposta_delete.json()}</arg>
<doc>Makes a variable available everywhere within the scope of the current test.</doc>
<msg timestamp="20230413 19:32:18.058" level="INFO">${RESP_DELETE} = {'message': 'Registro excluído com sucesso'}</msg>
<status status="PASS" starttime="20230413 19:32:18.055" endtime="20230413 19:32:18.058"/>
</kw>
<kw name="Dictionary Should Contain Item" library="Collections">
<arg>${RESP_DELETE}</arg>
<arg>message</arg>
<arg>Registro excluído com sucesso</arg>
<doc>An item of ``key`` / ``value`` must be found in a ``dictionary``.</doc>
<status status="PASS" starttime="20230413 19:32:18.058" endtime="20230413 19:32:18.059"/>
</kw>
<status status="PASS" starttime="20230413 19:32:17.839" endtime="20230413 19:32:18.059"/>
</kw>
<kw name="Então o sistema deleta o cadastro do usuario" library="DeleteAtualizarUsuario">
<kw name="GET On Session" library="RequestsLibrary">
<var>${resposta_delete}</var>
<arg>alias=ServeRest</arg>
<arg>url=/usuarios/${IDUSUARIO}</arg>
<arg>expected_status=400</arg>
<doc>Sends a GET request on a previously created HTTP Session.</doc>
<msg timestamp="20230413 19:32:18.232" level="INFO">GET Request : url=https://serverest.dev/usuarios/ILpZ4KY0hUUdrMzX 
 path_url=/usuarios/ILpZ4KY0hUUdrMzX 
 headers={'User-Agent': 'python-requests/2.28.2', 'Accept-Encoding': 'gzip, deflate', 'Accept': '*/*', 'Connection': 'keep-alive'} 
 body=None 
 </msg>
<msg timestamp="20230413 19:32:18.232" level="INFO">GET Response : url=https://serverest.dev/usuarios/ILpZ4KY0hUUdrMzX 
 status=400, reason=Bad Request 
 headers={'access-control-allow-origin': '*', 'x-dns-prefetch-control': 'off', 'x-frame-options': 'SAMEORIGIN', 'strict-transport-security': 'max-age=15552000; includeSubDomains', 'x-download-options': 'noopen', 'x-content-type-options': 'nosniff', 'x-xss-protection': '1; mode=block', 'x-moesif-transaction-id': 'd9398d72-8782-4fc9-b2f1-50542d2f3224', 'content-type': 'application/json; charset=utf-8', 'X-Cloud-Trace-Context': '1396dd36996f256cffea654021322ef2', 'Date': 'Thu, 13 Apr 2023 22:32:18 GMT', 'Server': 'Google Frontend', 'Content-Length': '45'} 
 body={
    "message": "Usuário não encontrado"
} 
 </msg>
<msg timestamp="20230413 19:32:18.233" level="INFO">/Library/Frameworks/Python.framework/Versions/3.9/lib/python3.9/site-packages/urllib3/connectionpool.py:1013: InsecureRequestWarning: Unverified HTTPS request is being made to host 'serverest.dev'. Adding certificate verification is strongly advised. See: https://urllib3.readthedocs.io/en/1.26.x/advanced-usage.html#ssl-warnings
  warnings.warn(</msg>
<msg timestamp="20230413 19:32:18.233" level="INFO">${resposta_delete} = &lt;Response [400]&gt;</msg>
<status status="PASS" starttime="20230413 19:32:18.060" endtime="20230413 19:32:18.233"/>
</kw>
<kw name="Set Test Variable" library="BuiltIn">
<arg>${RESP_DELETE}</arg>
<arg>${resposta_delete.json()}</arg>
<doc>Makes a variable available everywhere within the scope of the current test.</doc>
<msg timestamp="20230413 19:32:18.235" level="INFO">${RESP_DELETE} = {'message': 'Usuário não encontrado'}</msg>
<status status="PASS" starttime="20230413 19:32:18.234" endtime="20230413 19:32:18.236"/>
</kw>
<kw name="Log" library="BuiltIn">
<arg>${RESP_DELETE}</arg>
<doc>Logs the given message with the given level.</doc>
<msg timestamp="20230413 19:32:18.236" level="INFO">{'message': 'Usuário não encontrado'}</msg>
<status status="PASS" starttime="20230413 19:32:18.236" endtime="20230413 19:32:18.236"/>
</kw>
<status status="PASS" starttime="20230413 19:32:18.060" endtime="20230413 19:32:18.236"/>
</kw>
<status status="PASS" starttime="20230413 19:32:17.455" endtime="20230413 19:32:18.237"/>
</test>
<status status="PASS" starttime="20230413 19:32:17.438" endtime="20230413 19:32:18.238"/>
</suite>
<status status="PASS" starttime="20230413 19:32:15.293" endtime="20230413 19:32:18.240"/>
</suite>
<statistics>
<total>
<stat pass="4" fail="0" skip="0">All Tests</stat>
</total>
<tag>
</tag>
<suite>
<stat pass="4" fail="0" skip="0" id="s1" name="Tests">Tests</stat>
<stat pass="1" fail="0" skip="0" id="s1-s1" name="TST01-CadastrarUsuario">Tests.TST01-CadastrarUsuario</stat>
<stat pass="1" fail="0" skip="0" id="s1-s2" name="TST02-ConsultarUsuario">Tests.TST02-ConsultarUsuario</stat>
<stat pass="1" fail="0" skip="0" id="s1-s3" name="TST03-AtualizarUsuario">Tests.TST03-AtualizarUsuario</stat>
<stat pass="1" fail="0" skip="0" id="s1-s4" name="TST04-DeletarUsuario">Tests.TST04-DeletarUsuario</stat>
</suite>
</statistics>
<errors>
</errors>
</robot>
